[LOG] SystemI::init                            : FMOD Studio Version: 00010804 (76196)
[LOG] SystemI::init                            : maxchannels = 1024, flags = 00030000, extradriverdata = 0000000000000000
[LOG] SystemI::close                           : 
[LOG] SystemI::close                           : Stop all sounds
[LOG] SystemI::close                           : done.

[LOG] OutputWASAPI::init                       : Mix Format (WAVEFORMATEX): wFormatTag=0xFFFE, nChannels=2, nSamplesPerSec=48000, nAvgBytesPerSec=384000, nBlockAlign=8, wBitsPerSample=32, cbSize=22.
[LOG] OutputWASAPI::init                       : Mix Format (WAVEFORMATEXTENSIBLE): wValidBitsPerSample=32, dwChannelMask=0x00000003, SubFormat=00000003-0000-0010-8000-00AA00389B71.
[LOG] OutputWASAPI::init                       : Output buffer size: 4096 samples, latency: 0.00ms, period: 10.00ms, DSP buffer: 1024 * 4
[LOG] Thread::initThread                       : Initializing FMOD mixer thread.  priority 3
[LOG] Thread::initThread                       : - Stacksize 49152.  Stack pointer 0000000000000000 : usesemaphore = 0 : sleeptime = 0
[LOG] Thread::callback                         : * FMOD mixer thread started
[LOG] SystemI::init                            : Set up emulated output
[LOG] SystemI::init                            : create the channel pool
[LOG] Thread::initThread                       : Initializing FMOD stream thread.  priority 2
[LOG] Thread::initThread                       : - Stacksize 65536.  Stack pointer 0000000000000000 : usesemaphore = 0 : sleeptime = 10
[LOG] Thread::callback                         : * FMOD stream thread started
[LOG] Thread::initThread                       : Initializing FMOD Studio update thread.  priority 0
[LOG] Thread::initThread                       : - Stacksize 65536.  Stack pointer 0000000000000000 : usesemaphore = 0 : sleeptime = 1
[LOG] Thread::callback                         : * FMOD Studio update thread started
[LOG] Thread::initThread                       : Initializing FMOD Studio sample load thread.  priority 0
[LOG] Thread::initThread                       : - Stacksize 65536.  Stack pointer 0000000000000000 : usesemaphore = 0 : sleeptime = 1
[LOG] Thread::callback                         : * FMOD Studio sample load thread started
[LOG] LiveUpdate::init                         : 
[LOG] Thread::initThread                       : Initializing FMOD Studio bank load thread.  priority 0
[LOG] Thread::initThread                       : - Stacksize 65536.  Stack pointer 0000000000000000 : usesemaphore = 0 : sleeptime = 1
[LOG] Thread::callback                         : * FMOD Studio bank load thread started
[LOG] Profile::init                            : Profiler listening on port: 9264
[LOG] Manager::readBank                        : fileversion = 79, compatVersion = 70 (oldest = 44, newest = 79)
[LOG] Manager::readBank                        : fileversion = 79, compatVersion = 70 (oldest = 44, newest = 79)
[LOG] PlaybackSystem::acquireMasterBus         : Setting master channel group format to 6
[LOG] SystemI::createSound                     : filename = Assets\FMOD_Bank\Desktop/Master Bank.bank : mode 02010082
[LOG] SystemI::createSound                     : FMOD_NONBLOCKING specified.  Putting into queue to be opened asynchronously!
[LOG] Thread::initThread                       : Initializing FMOD nonblocking thread (0).  priority 1
[LOG] Thread::initThread                       : - Stacksize 81920.  Stack pointer 0000000000000000 : usesemaphore = 1 : sleeptime = 0
[LOG] Thread::callback                         : * FMOD nonblocking thread (0) started
[LOG] SystemI::createSound                     : setdata soundi = 000000002523D618 : node = 000000002F1E6490
[LOG] SystemI::createSound                     : add node to async list : head = 0000000029B2D030.  list count = 0
[LOG] AsyncThread::threadFunc                  : Starting Asynchronous operation on sound 000000002523D618
[LOG] SystemI::createSoundInternal             :     filename = Assets\FMOD_Bank\Desktop/Master Bank.bank : mode 02010082
[LOG] SystemI::createSoundInternal             :     exinfo->cbsize             = 232
[LOG] SystemI::createSoundInternal             :     exinfo->length             = 7455040
[LOG] SystemI::createSoundInternal             :     exinfo->fileoffset         = 41632
[LOG] SystemI::createSoundInternal             :     exinfo->numsubsounds       = 1
[LOG] SystemI::createSoundInternal             :     exinfo->inclusionlist      = 000000002F1E65A8
[LOG] SystemI::createSoundInternal             :     exinfo->inclusionlistnum   = 1
[LOG] SystemI::createSoundInternal             :     exinfo->suggestedsoundtype = 5
[LOG] SystemI::createSoundInternal             :     exinfo->initialseekpostype = 1
[LOG] SystemI::createSoundInternal             :     filename =  : mode 02000202
[LOG] SystemI::createSoundInternal             :     exinfo->cbsize             = 232
[LOG] SystemI::createSoundInternal             :     exinfo->length             = 7455040
[LOG] SystemI::createSoundInternal             :     exinfo->fileoffset         = 41632
[LOG] SystemI::createSoundInternal             :     exinfo->numsubsounds       = 1
[LOG] SystemI::createSoundInternal             :     exinfo->inclusionlist      = 000000007EFFFB38
[LOG] SystemI::createSoundInternal             :     exinfo->inclusionlistnum   = 1
[LOG] SystemI::createSoundInternal             :     exinfo->suggestedsoundtype = 5
[LOG] SystemI::createSoundInternal             :     exinfo->useropen           = 00007FFC26403FD0
[LOG] SystemI::createSoundInternal             :     exinfo->userclose          = 00007FFC26403FA0
[LOG] SystemI::createSoundInternal             :     exinfo->userread           = 00007FFC264040C0
[LOG] SystemI::createSoundInternal             :     exinfo->userseek           = 00007FFC26404170
[LOG] SystemI::createSoundInternal             :     exinfo->fileuserdata       = 00000000295B6FE8
[LOG] SystemI::createSoundInternal             :     exinfo->initialseekpostype = 1
[LOG] SystemI::createSoundInternal             :     Format has 1 subsounds.
[LOG] SystemI::createSoundInternal             :     Format has 1 subsounds.
[LOG] SystemI::createSoundInternal             :     Create as FMOD_CREATESAMPLE
[LOG] SystemI::createSoundInternal             :     Create as FMOD_CREATESTREAM
[LOG] SystemI::createSoundInternal             :     Multi-sample sound (1 subsounds), create a sample container.
[LOG] System::createSoundInternal              :     decode buffersize = 19200 : blocksize = 256 : format = 2
[LOG] SystemI::createSoundInternal             :     creating subsound 0/1
[LOG] SystemI::createSample                    :     mode 02010082 length 19200 samples, lengthbytes 671872
[LOG] SystemI::createSample                    :     mode 02000202 length 277524 samples, lengthbytes 54496
[LOG] SystemI::createSample                    :     channels = 2
[LOG] SystemI::createSample                    :     channels = 1
[LOG] SystemI::createSample                    :     output = 000000000D0D1D88
[LOG] SystemI::createSample                    :     output = 000000000D0D1D88
[LOG] OutputSoftware::createSample             :     lengthpcm 19200, lengthbytes 671872, channels 2, format 2, freq 48000, mode 0201008a
[LOG] OutputSoftware::createSample             :     lengthpcm 277524, lengthbytes 54496, channels 1, format 2, freq 48000, mode 0200020a
[LOG] System::createSoundInternal              :     1 subsounds detected.
[LOG] System::createSoundInternal              :     Seek stream to start
[LOG] System::createSoundInternal              :     flush stream buffer
[LOG] SystemI::createSoundInternal             :     No name found in file, use filename.
[LOG] SystemI::createSoundInternal             :     done.  OpenState now = FMOD_OPENSTATE_READY.

[LOG] SystemI::createSoundInternal             :     filename =  : mode 02000202
[LOG] SystemI::createSoundInternal             :     exinfo->cbsize             = 232
[LOG] SystemI::createSoundInternal             :     exinfo->length             = 7455040
[LOG] SystemI::createSoundInternal             :     exinfo->fileoffset         = 41632
[LOG] SystemI::createSoundInternal             :     exinfo->numsubsounds       = 1
[LOG] SystemI::createSoundInternal             :     exinfo->inclusionlist      = 000000007EFFFB38
[LOG] SystemI::createSoundInternal             :     exinfo->inclusionlistnum   = 1
[LOG] SystemI::createSoundInternal             :     exinfo->suggestedsoundtype = 5
[LOG] SystemI::createSoundInternal             :     exinfo->useropen           = 00007FFC26403FD0
[LOG] SystemI::createSoundInternal             :     exinfo->userclose          = 00007FFC26403FA0
[LOG] SystemI::createSoundInternal             :     exinfo->userread           = 00007FFC264040C0
[LOG] SystemI::createSoundInternal             :     exinfo->userseek           = 00007FFC26404170
[LOG] SystemI::createSoundInternal             :     exinfo->fileuserdata       = 00000000295B6FE8
[LOG] SystemI::createSoundInternal             :     exinfo->initialseekpostype = 1
[LOG] SystemI::createSoundInternal             :     Format has 1 subsounds.
[LOG] SystemI::createSoundInternal             :     Create as FMOD_CREATESAMPLE
[LOG] SystemI::createSoundInternal             :     Multi-sample sound (1 subsounds), create a sample container.
[LOG] SystemI::createSoundInternal             :     creating subsound 0/1
[LOG] SystemI::createSample                    :     mode 02000202 length 172756 samples, lengthbytes 31520
[LOG] SystemI::createSample                    :     channels = 1
[LOG] SystemI::createSample                    :     output = 000000000D0D1D88
[LOG] OutputSoftware::createSample             :     lengthpcm 172756, lengthbytes 31520, channels 1, format 2, freq 48000, mode 0200020a
[LOG] SystemI::createSoundInternal             :     No name found in file, use filename.
[LOG] SystemI::createSoundInternal             :     done.  OpenState now = FMOD_OPENSTATE_READY.

[LOG] System::createSoundInternal              :     flush successful.
[LOG] System::createSoundInternal              :     switch file handle from small blocking single buffered to large nonblocking doublebuffered.
[LOG] Thread::initThread                       :         Initializing FMOD file thread.  priority 1
[LOG] Thread::initThread                       :         - Stacksize 16384.  Stack pointer 0000000000000000 : usesemaphore = 0 : sleeptime = 10
[LOG] Thread::callback                         :         * FMOD file thread started
[LOG] SystemI::createSoundInternal             :     done.  OpenState now = FMOD_OPENSTATE_READY.

[LOG] AsyncThread::threadFunc                  : Finished Asynchronous operation on sound 000000002523D618
[LOG] SoundI::getSubSound                      : sound 000000002523D618.  Subsound index 0 / 1
[LOG] SystemI::createSoundInternal             : filename =  : mode 02000202
[LOG] SystemI::createSoundInternal             : exinfo->cbsize             = 232
[LOG] SystemI::createSoundInternal             : exinfo->length             = 7455040
[LOG] SystemI::createSoundInternal             : exinfo->fileoffset         = 41632
[LOG] SystemI::createSoundInternal             : exinfo->numsubsounds       = 1
[LOG] SystemI::createSoundInternal             : exinfo->inclusionlist      = 000000007EFFFB38
[LOG] SystemI::createSoundInternal             : exinfo->inclusionlistnum   = 1
[LOG] SystemI::createSoundInternal             : exinfo->suggestedsoundtype = 5
[LOG] SystemI::createSoundInternal             : exinfo->useropen           = 00007FFC26403FD0
[LOG] SystemI::createSoundInternal             : exinfo->userclose          = 00007FFC26403FA0
[LOG] SystemI::createSoundInternal             : exinfo->userread           = 00007FFC264040C0
[LOG] SystemI::createSoundInternal             : exinfo->userseek           = 00007FFC26404170
[LOG] SystemI::createSoundInternal             : exinfo->fileuserdata       = 000000002F851488
[LOG] SystemI::createSoundInternal             : exinfo->initialseekpostype = 1
[LOG] SystemI::createSoundInternal             : Format has 1 subsounds.
[LOG] SystemI::createSoundInternal             : Create as FMOD_CREATESAMPLE
[LOG] SystemI::createSoundInternal             : Multi-sample sound (1 subsounds), create a sample container.
[LOG] SystemI::createSoundInternal             : creating subsound 0/1
[LOG] SystemI::createSample                    : mode 02000202 length 28560 samples, lengthbytes 4864
[LOG] SystemI::createSample                    : channels = 1
[LOG] SystemI::createSample                    : output = 000000000D0D1D88
[LOG] OutputSoftware::createSample             : lengthpcm 28560, lengthbytes 4864, channels 1, format 2, freq 48000, mode 0200020a
[LOG] SystemI::createSoundInternal             : No name found in file, use filename.
[LOG] SystemI::createSoundInternal             : done.  OpenState now = FMOD_OPENSTATE_READY.

[LOG] SystemI::createSoundInternal             : filename =  : mode 02000202
[LOG] SystemI::createSoundInternal             : exinfo->cbsize             = 232
[LOG] SystemI::createSoundInternal             : exinfo->length             = 7455040
[LOG] SystemI::createSoundInternal             : exinfo->fileoffset         = 41632
[LOG] SystemI::createSoundInternal             : exinfo->numsubsounds       = 1
[LOG] SystemI::createSoundInternal             : exinfo->inclusionlist      = 000000007EFFFB38
[LOG] SystemI::createSoundInternal             : exinfo->inclusionlistnum   = 1
[LOG] SystemI::createSoundInternal             : exinfo->suggestedsoundtype = 5
[LOG] SystemI::createSoundInternal             : exinfo->useropen           = 00007FFC26403FD0
[LOG] SystemI::createSoundInternal             : exinfo->userclose          = 00007FFC26403FA0
[LOG] SystemI::createSoundInternal             : exinfo->userread           = 00007FFC264040C0
[LOG] SystemI::createSoundInternal             : exinfo->userseek           = 00007FFC26404170
[LOG] SystemI::createSoundInternal             : exinfo->fileuserdata       = 000000002F851488
[LOG] SystemI::createSoundInternal             : exinfo->initialseekpostype = 1
[LOG] SystemI::createSoundInternal             : Format has 1 subsounds.
[LOG] SystemI::createSoundInternal             : Create as FMOD_CREATESAMPLE
[LOG] SystemI::createSoundInternal             : Multi-sample sound (1 subsounds), create a sample container.
[LOG] SystemI::createSoundInternal             : creating subsound 0/1
[LOG] SystemI::createSample                    : mode 02000202 length 47508 samples, lengthbytes 9024
[LOG] SystemI::createSample                    : channels = 1
[LOG] SystemI::createSample                    : output = 000000000D0D1D88
[LOG] OutputSoftware::createSample             : lengthpcm 47508, lengthbytes 9024, channels 1, format 2, freq 48000, mode 0200020a
[LOG] SystemI::createSoundInternal             : No name found in file, use filename.
[LOG] SystemI::createSoundInternal             : done.  OpenState now = FMOD_OPENSTATE_READY.

[LOG] SystemI::createSoundInternal             : filename =  : mode 02000202
[LOG] SystemI::createSoundInternal             : exinfo->cbsize             = 232
[LOG] SystemI::createSoundInternal             : exinfo->length             = 7455040
[LOG] SystemI::createSoundInternal             : exinfo->fileoffset         = 41632
[LOG] SystemI::createSoundInternal             : exinfo->numsubsounds       = 1
[LOG] SystemI::createSoundInternal             : exinfo->inclusionlist      = 000000007EFFFB38
[LOG] SystemI::createSoundInternal             : exinfo->inclusionlistnum   = 1
[LOG] SystemI::createSoundInternal             : exinfo->suggestedsoundtype = 5
[LOG] SystemI::createSoundInternal             : exinfo->useropen           = 00007FFC26403FD0
[LOG] SystemI::createSoundInternal             : exinfo->userclose          = 00007FFC26403FA0
[LOG] SystemI::createSoundInternal             : exinfo->userread           = 00007FFC264040C0
[LOG] SystemI::createSoundInternal             : exinfo->userseek           = 00007FFC26404170
[LOG] SystemI::createSoundInternal             : exinfo->fileuserdata       = 000000002F851488
[LOG] SystemI::createSoundInternal             : exinfo->initialseekpostype = 1
[LOG] SystemI::createSoundInternal             : Format has 1 subsounds.
[LOG] SystemI::createSoundInternal             : Create as FMOD_CREATESAMPLE
[LOG] SystemI::createSoundInternal             : Multi-sample sound (1 subsounds), create a sample container.
[LOG] SystemI::createSoundInternal             : creating subsound 0/1
[LOG] SystemI::createSample                    : mode 02000202 length 28978 samples, lengthbytes 4992
[LOG] SystemI::createSample                    : channels = 1
[LOG] SystemI::createSample                    : output = 000000000D0D1D88
[LOG] OutputSoftware::createSample             : lengthpcm 28978, lengthbytes 4992, channels 1, format 2, freq 48000, mode 0200020a
[LOG] SystemI::createSoundInternal             : No name found in file, use filename.
[LOG] SystemI::createSoundInternal             : done.  OpenState now = FMOD_OPENSTATE_READY.

[LOG] SystemI::createSoundInternal             : filename =  : mode 02000202
[LOG] SystemI::createSoundInternal             : exinfo->cbsize             = 232
[LOG] SystemI::createSoundInternal             : exinfo->length             = 7455040
[LOG] SystemI::createSoundInternal             : exinfo->fileoffset         = 41632
[LOG] SystemI::createSoundInternal             : exinfo->numsubsounds       = 1
[LOG] SystemI::createSoundInternal             : exinfo->inclusionlist      = 000000007EFFFB38
[LOG] SystemI::createSoundInternal             : exinfo->inclusionlistnum   = 1
[LOG] SystemI::createSoundInternal             : exinfo->suggestedsoundtype = 5
[LOG] SystemI::createSoundInternal             : exinfo->useropen           = 00007FFC26403FD0
[LOG] SystemI::createSoundInternal             : exinfo->userclose          = 00007FFC26403FA0
[LOG] SystemI::createSoundInternal             : exinfo->userread           = 00007FFC264040C0
[LOG] SystemI::createSoundInternal             : exinfo->userseek           = 00007FFC26404170
[LOG] SystemI::createSoundInternal             : exinfo->fileuserdata       = 000000002F851488
[LOG] SystemI::createSoundInternal             : exinfo->initialseekpostype = 1
[LOG] SystemI::createSoundInternal             : Format has 1 subsounds.
[LOG] SystemI::createSoundInternal             : Create as FMOD_CREATESAMPLE
[LOG] SystemI::createSoundInternal             : Multi-sample sound (1 subsounds), create a sample container.
[LOG] SystemI::createSoundInternal             : creating subsound 0/1
[LOG] SystemI::createSample                    : mode 02000202 length 32322 samples, lengthbytes 5632
[LOG] SystemI::createSample                    : channels = 1
[LOG] SystemI::createSample                    : output = 000000000D0D1D88
[LOG] OutputSoftware::createSample             : lengthpcm 32322, lengthbytes 5632, channels 1, format 2, freq 48000, mode 0200020a
[LOG] SystemI::createSoundInternal             : No name found in file, use filename.
[LOG] SystemI::createSoundInternal             : done.  OpenState now = FMOD_OPENSTATE_READY.

[LOG] SystemI::createSoundInternal             : filename =  : mode 02000202
[LOG] SystemI::createSoundInternal             : exinfo->cbsize             = 232
[LOG] SystemI::createSoundInternal             : exinfo->length             = 7455040
[LOG] SystemI::createSoundInternal             : exinfo->fileoffset         = 41632
[LOG] SystemI::createSoundInternal             : exinfo->numsubsounds       = 1
[LOG] SystemI::createSoundInternal             : exinfo->inclusionlist      = 000000007EFFFB38
[LOG] SystemI::createSoundInternal             : exinfo->inclusionlistnum   = 1
[LOG] SystemI::createSoundInternal             : exinfo->suggestedsoundtype = 5
[LOG] SystemI::createSoundInternal             : exinfo->useropen           = 00007FFC26403FD0
[LOG] SystemI::createSoundInternal             : exinfo->userclose          = 00007FFC26403FA0
[LOG] SystemI::createSoundInternal             : exinfo->userread           = 00007FFC264040C0
[LOG] SystemI::createSoundInternal             : exinfo->userseek           = 00007FFC26404170
[LOG] SystemI::createSoundInternal             : exinfo->fileuserdata       = 000000002F851488
[LOG] SystemI::createSoundInternal             : exinfo->initialseekpostype = 1
[LOG] SystemI::createSoundInternal             : Format has 1 subsounds.
[LOG] SystemI::createSoundInternal             : Create as FMOD_CREATESAMPLE
[LOG] SystemI::createSoundInternal             : Multi-sample sound (1 subsounds), create a sample container.
[LOG] SystemI::createSoundInternal             : creating subsound 0/1
[LOG] SystemI::createSample                    : mode 02000202 length 48483 samples, lengthbytes 9024
[LOG] SystemI::createSample                    : channels = 1
[LOG] SystemI::createSample                    : output = 000000000D0D1D88
[LOG] OutputSoftware::createSample             : lengthpcm 48483, lengthbytes 9024, channels 1, format 2, freq 48000, mode 0200020a
[LOG] SystemI::createSoundInternal             : No name found in file, use filename.
[LOG] SystemI::createSoundInternal             : done.  OpenState now = FMOD_OPENSTATE_READY.

[LOG] SystemI::createSoundInternal             : filename =  : mode 02000202
[LOG] SystemI::createSoundInternal             : exinfo->cbsize             = 232
[LOG] SystemI::createSoundInternal             : exinfo->length             = 7455040
[LOG] SystemI::createSoundInternal             : exinfo->fileoffset         = 41632
[LOG] SystemI::createSoundInternal             : exinfo->numsubsounds       = 1
[LOG] SystemI::createSoundInternal             : exinfo->inclusionlist      = 000000007EFFFB38
[LOG] SystemI::createSoundInternal             : exinfo->inclusionlistnum   = 1
[LOG] SystemI::createSoundInternal             : exinfo->suggestedsoundtype = 5
[LOG] SystemI::createSoundInternal             : exinfo->useropen           = 00007FFC26403FD0
[LOG] SystemI::createSoundInternal             : exinfo->userclose          = 00007FFC26403FA0
[LOG] SystemI::createSoundInternal             : exinfo->userread           = 00007FFC264040C0
[LOG] SystemI::createSoundInternal             : exinfo->userseek           = 00007FFC26404170
[LOG] SystemI::createSoundInternal             : exinfo->fileuserdata       = 000000002F851488
[LOG] SystemI::createSoundInternal             : exinfo->initialseekpostype = 1
[LOG] SystemI::createSoundInternal             : Format has 1 subsounds.
[LOG] SystemI::createSoundInternal             : Create as FMOD_CREATESAMPLE
[LOG] SystemI::createSoundInternal             : Multi-sample sound (1 subsounds), create a sample container.
[LOG] SystemI::createSoundInternal             : creating subsound 0/1
[LOG] SystemI::createSample                    : mode 02000202 length 30511 samples, lengthbytes 5632
[LOG] SystemI::createSample                    : channels = 1
[LOG] SystemI::createSample                    : output = 000000000D0D1D88
[LOG] OutputSoftware::createSample             : lengthpcm 30511, lengthbytes 5632, channels 1, format 2, freq 48000, mode 0200020a
[LOG] SystemI::createSoundInternal             : No name found in file, use filename.
[LOG] SystemI::createSoundInternal             : done.  OpenState now = FMOD_OPENSTATE_READY.

[LOG] SystemI::createSoundInternal             : filename =  : mode 02000202
[LOG] SystemI::createSoundInternal             : exinfo->cbsize             = 232
[LOG] SystemI::createSoundInternal             : exinfo->length             = 7455040
[LOG] SystemI::createSoundInternal             : exinfo->fileoffset         = 41632
[LOG] SystemI::createSoundInternal             : exinfo->numsubsounds       = 1
[LOG] SystemI::createSoundInternal             : exinfo->inclusionlist      = 000000007EFFFB38
[LOG] SystemI::createSoundInternal             : exinfo->inclusionlistnum   = 1
[LOG] SystemI::createSoundInternal             : exinfo->suggestedsoundtype = 5
[LOG] SystemI::createSoundInternal             : exinfo->useropen           = 00007FFC26403FD0
[LOG] SystemI::createSoundInternal             : exinfo->userclose          = 00007FFC26403FA0
[LOG] SystemI::createSoundInternal             : exinfo->userread           = 00007FFC264040C0
[LOG] SystemI::createSoundInternal             : exinfo->userseek           = 00007FFC26404170
[LOG] SystemI::createSoundInternal             : exinfo->fileuserdata       = 000000002F851488
[LOG] SystemI::createSoundInternal             : exinfo->initialseekpostype = 1
[LOG] SystemI::createSoundInternal             : Format has 1 subsounds.
[LOG] SystemI::createSoundInternal             : Create as FMOD_CREATESAMPLE
[LOG] SystemI::createSoundInternal             : Multi-sample sound (1 subsounds), create a sample container.
[LOG] SystemI::createSoundInternal             : creating subsound 0/1
[LOG] SystemI::createSample                    : mode 02000202 length 29814 samples, lengthbytes 5600
[LOG] SystemI::createSample                    : channels = 1
[LOG] SystemI::createSample                    : output = 000000000D0D1D88
[LOG] OutputSoftware::createSample             : lengthpcm 29814, lengthbytes 5600, channels 1, format 2, freq 48000, mode 0200020a
[LOG] SystemI::createSoundInternal             : No name found in file, use filename.
[LOG] SystemI::createSoundInternal             : done.  OpenState now = FMOD_OPENSTATE_READY.

[LOG] SystemI::createSoundInternal             : filename =  : mode 02000202
[LOG] SystemI::createSoundInternal             : exinfo->cbsize             = 232
[LOG] SystemI::createSoundInternal             : exinfo->length             = 7455040
[LOG] SystemI::createSoundInternal             : exinfo->fileoffset         = 41632
[LOG] SystemI::createSoundInternal             : exinfo->numsubsounds       = 1
[LOG] SystemI::createSoundInternal             : exinfo->inclusionlist      = 000000007EFFFB38
[LOG] SystemI::createSoundInternal             : exinfo->inclusionlistnum   = 1
[LOG] SystemI::createSoundInternal             : exinfo->suggestedsoundtype = 5
[LOG] SystemI::createSoundInternal             : exinfo->useropen           = 00007FFC26403FD0
[LOG] SystemI::createSoundInternal             : exinfo->userclose          = 00007FFC26403FA0
[LOG] SystemI::createSoundInternal             : exinfo->userread           = 00007FFC264040C0
[LOG] SystemI::createSoundInternal             : exinfo->userseek           = 00007FFC26404170
[LOG] SystemI::createSoundInternal             : exinfo->fileuserdata       = 000000002F851488
[LOG] SystemI::createSoundInternal             : exinfo->initialseekpostype = 1
[LOG] SystemI::createSoundInternal             : Format has 1 subsounds.
[LOG] SystemI::createSoundInternal             : Create as FMOD_CREATESAMPLE
[LOG] SystemI::createSoundInternal             : Multi-sample sound (1 subsounds), create a sample container.
[LOG] SystemI::createSoundInternal             : creating subsound 0/1
[LOG] SystemI::createSample                    : mode 02000202 length 55449 samples, lengthbytes 9792
[LOG] SystemI::createSample                    : channels = 1
[LOG] SystemI::createSample                    : output = 000000000D0D1D88
[LOG] OutputSoftware::createSample             : lengthpcm 55449, lengthbytes 9792, channels 1, format 2, freq 48000, mode 0200020a
[LOG] SystemI::createSoundInternal             : No name found in file, use filename.
[LOG] SystemI::createSoundInternal             : done.  OpenState now = FMOD_OPENSTATE_READY.

[LOG] SystemI::createSoundInternal             : filename =  : mode 02000202
[LOG] SystemI::createSoundInternal             : exinfo->cbsize             = 232
[LOG] SystemI::createSoundInternal             : exinfo->length             = 7455040
[LOG] SystemI::createSoundInternal             : exinfo->fileoffset         = 41632
[LOG] SystemI::createSoundInternal             : exinfo->numsubsounds       = 1
[LOG] SystemI::createSoundInternal             : exinfo->inclusionlist      = 000000007EFFFB38
[LOG] SystemI::createSoundInternal             : exinfo->inclusionlistnum   = 1
[LOG] SystemI::createSoundInternal             : exinfo->suggestedsoundtype = 5
[LOG] SystemI::createSoundInternal             : exinfo->useropen           = 00007FFC26403FD0
[LOG] SystemI::createSoundInternal             : exinfo->userclose          = 00007FFC26403FA0
[LOG] SystemI::createSoundInternal             : exinfo->userread           = 00007FFC264040C0
[LOG] SystemI::createSoundInternal             : exinfo->userseek           = 00007FFC26404170
[LOG] SystemI::createSoundInternal             : exinfo->fileuserdata       = 000000002F851488
[LOG] SystemI::createSoundInternal             : exinfo->initialseekpostype = 1
[LOG] SystemI::createSoundInternal             : Format has 1 subsounds.
[LOG] SystemI::createSoundInternal             : Create as FMOD_CREATESAMPLE
[LOG] SystemI::createSoundInternal             : Multi-sample sound (1 subsounds), create a sample container.
[LOG] SystemI::createSoundInternal             : creating subsound 0/1
[LOG] SystemI::createSample                    : mode 02000202 length 38034 samples, lengthbytes 6304
[LOG] SystemI::createSample                    : channels = 1
[LOG] SystemI::createSample                    : output = 000000000D0D1D88
[LOG] OutputSoftware::createSample             : lengthpcm 38034, lengthbytes 6304, channels 1, format 2, freq 48000, mode 0200020a
[LOG] SystemI::createSoundInternal             : No name found in file, use filename.
[LOG] SystemI::createSoundInternal             : done.  OpenState now = FMOD_OPENSTATE_READY.

[LOG] SystemI::createSoundInternal             : filename =  : mode 02000202
[LOG] SystemI::createSoundInternal             : exinfo->cbsize             = 232
[LOG] SystemI::createSoundInternal             : exinfo->length             = 7455040
[LOG] SystemI::createSoundInternal             : exinfo->fileoffset         = 41632
[LOG] SystemI::createSoundInternal             : exinfo->numsubsounds       = 1
[LOG] SystemI::createSoundInternal             : exinfo->inclusionlist      = 000000007EFFFB38
[LOG] SystemI::createSoundInternal             : exinfo->inclusionlistnum   = 1
[LOG] SystemI::createSoundInternal             : exinfo->suggestedsoundtype = 5
[LOG] SystemI::createSoundInternal             : exinfo->useropen           = 00007FFC26403FD0
[LOG] SystemI::createSoundInternal             : exinfo->userclose          = 00007FFC26403FA0
[LOG] SystemI::createSoundInternal             : exinfo->userread           = 00007FFC264040C0
[LOG] SystemI::createSoundInternal             : exinfo->userseek           = 00007FFC26404170
[LOG] SystemI::createSoundInternal             : exinfo->fileuserdata       = 000000002F851488
[LOG] SystemI::createSoundInternal             : exinfo->initialseekpostype = 1
[LOG] SystemI::createSoundInternal             : Format has 1 subsounds.
[LOG] SystemI::createSoundInternal             : Create as FMOD_CREATESAMPLE
[LOG] SystemI::createSoundInternal             : Multi-sample sound (1 subsounds), create a sample container.
[LOG] SystemI::createSoundInternal             : creating subsound 0/1
[LOG] SystemI::createSample                    : mode 02000202 length 29814 samples, lengthbytes 5248
[LOG] SystemI::createSample                    : channels = 1
[LOG] SystemI::createSample                    : output = 000000000D0D1D88
[LOG] OutputSoftware::createSample             : lengthpcm 29814, lengthbytes 5248, channels 1, format 2, freq 48000, mode 0200020a
[LOG] SystemI::createSoundInternal             : No name found in file, use filename.
[LOG] SystemI::createSoundInternal             : done.  OpenState now = FMOD_OPENSTATE_READY.

[LOG] SystemI::createSoundInternal             : filename =  : mode 02000202
[LOG] SystemI::createSoundInternal             : exinfo->cbsize             = 232
[LOG] SystemI::createSoundInternal             : exinfo->length             = 7455040
[LOG] SystemI::createSoundInternal             : exinfo->fileoffset         = 41632
[LOG] SystemI::createSoundInternal             : exinfo->numsubsounds       = 1
[LOG] SystemI::createSoundInternal             : exinfo->inclusionlist      = 000000007EFFFB38
[LOG] SystemI::createSoundInternal             : exinfo->inclusionlistnum   = 1
[LOG] SystemI::createSoundInternal             : exinfo->suggestedsoundtype = 5
[LOG] SystemI::createSoundInternal             : exinfo->useropen           = 00007FFC26403FD0
[LOG] SystemI::createSoundInternal             : exinfo->userclose          = 00007FFC26403FA0
[LOG] SystemI::createSoundInternal             : exinfo->userread           = 00007FFC264040C0
[LOG] SystemI::createSoundInternal             : exinfo->userseek           = 00007FFC26404170
[LOG] SystemI::createSoundInternal             : exinfo->fileuserdata       = 000000002F851488
[LOG] SystemI::createSoundInternal             : exinfo->initialseekpostype = 1
[LOG] SystemI::createSoundInternal             : Format has 1 subsounds.
[LOG] SystemI::createSoundInternal             : Create as FMOD_CREATESAMPLE
[LOG] SystemI::createSoundInternal             : Multi-sample sound (1 subsounds), create a sample container.
[LOG] SystemI::createSoundInternal             : creating subsound 0/1
[LOG] SystemI::createSample                    : mode 02000202 length 32653 samples, lengthbytes 5504
[LOG] SystemI::createSample                    : channels = 1
[LOG] SystemI::createSample                    : output = 000000000D0D1D88
[LOG] OutputSoftware::createSample             : lengthpcm 32653, lengthbytes 5504, channels 1, format 2, freq 48000, mode 0200020a
[LOG] SystemI::createSoundInternal             : No name found in file, use filename.
[LOG] SystemI::createSoundInternal             : done.  OpenState now = FMOD_OPENSTATE_READY.

[LOG] SystemI::createSoundInternal             : filename =  : mode 02000202
[LOG] SystemI::createSoundInternal             : exinfo->cbsize             = 232
[LOG] SystemI::createSoundInternal             : exinfo->length             = 7455040
[LOG] SystemI::createSoundInternal             : exinfo->fileoffset         = 41632
[LOG] SystemI::createSoundInternal             : exinfo->numsubsounds       = 1
[LOG] SystemI::createSoundInternal             : exinfo->inclusionlist      = 000000007EFFFB38
[LOG] SystemI::createSoundInternal             : exinfo->inclusionlistnum   = 1
[LOG] SystemI::createSoundInternal             : exinfo->suggestedsoundtype = 5
[LOG] SystemI::createSoundInternal             : exinfo->useropen           = 00007FFC26403FD0
[LOG] SystemI::createSoundInternal             : exinfo->userclose          = 00007FFC26403FA0
[LOG] SystemI::createSoundInternal             : exinfo->userread           = 00007FFC264040C0
[LOG] SystemI::createSoundInternal             : exinfo->userseek           = 00007FFC26404170
[LOG] SystemI::createSoundInternal             : exinfo->fileuserdata       = 000000002F851488
[LOG] SystemI::createSoundInternal             : exinfo->initialseekpostype = 1
[LOG] SystemI::createSoundInternal             : Format has 1 subsounds.
[LOG] SystemI::createSoundInternal             : Create as FMOD_CREATESAMPLE
[LOG] SystemI::createSoundInternal             : Multi-sample sound (1 subsounds), create a sample container.
[LOG] SystemI::createSoundInternal             : creating subsound 0/1
[LOG] SystemI::createSample                    : mode 02000202 length 33158 samples, lengthbytes 6176
[LOG] SystemI::createSample                    : channels = 1
[LOG] SystemI::createSample                    : output = 000000000D0D1D88
[LOG] OutputSoftware::createSample             : lengthpcm 33158, lengthbytes 6176, channels 1, format 2, freq 48000, mode 0200020a
[LOG] SystemI::createSoundInternal             : No name found in file, use filename.
[LOG] SystemI::createSoundInternal             : done.  OpenState now = FMOD_OPENSTATE_READY.

[LOG] SystemI::createSoundInternal             : filename =  : mode 02000202
[LOG] SystemI::createSoundInternal             : exinfo->cbsize             = 232
[LOG] SystemI::createSoundInternal             : exinfo->length             = 7455040
[LOG] SystemI::createSoundInternal             : exinfo->fileoffset         = 41632
[LOG] SystemI::createSoundInternal             : exinfo->numsubsounds       = 1
[LOG] SystemI::createSoundInternal             : exinfo->inclusionlist      = 000000007EFFFB38
[LOG] SystemI::createSoundInternal             : exinfo->inclusionlistnum   = 1
[LOG] SystemI::createSoundInternal             : exinfo->suggestedsoundtype = 5
[LOG] SystemI::createSoundInternal             : exinfo->useropen           = 00007FFC26403FD0
[LOG] SystemI::createSoundInternal             : exinfo->userclose          = 00007FFC26403FA0
[LOG] SystemI::createSoundInternal             : exinfo->userread           = 00007FFC264040C0
[LOG] SystemI::createSoundInternal             : exinfo->userseek           = 00007FFC26404170
[LOG] SystemI::createSoundInternal             : exinfo->fileuserdata       = 000000002F851488
[LOG] SystemI::createSoundInternal             : exinfo->initialseekpostype = 1
[LOG] SystemI::createSoundInternal             : Format has 1 subsounds.
[LOG] SystemI::createSoundInternal             : Create as FMOD_CREATESAMPLE
[LOG] SystemI::createSoundInternal             : Multi-sample sound (1 subsounds), create a sample container.
[LOG] SystemI::createSoundInternal             : creating subsound 0/1
[LOG] SystemI::createSample                    : mode 02000202 length 30859 samples, lengthbytes 5152
[LOG] SystemI::createSample                    : channels = 1
[LOG] SystemI::createSample                    : output = 000000000D0D1D88
[LOG] OutputSoftware::createSample             : lengthpcm 30859, lengthbytes 5152, channels 1, format 2, freq 48000, mode 0200020a
[LOG] SystemI::createSoundInternal             : No name found in file, use filename.
[LOG] SystemI::createSoundInternal             : done.  OpenState now = FMOD_OPENSTATE_READY.

[LOG] SystemI::createSoundInternal             : filename =  : mode 02000202
[LOG] SystemI::createSoundInternal             : exinfo->cbsize             = 232
[LOG] SystemI::createSoundInternal             : exinfo->length             = 7455040
[LOG] SystemI::createSoundInternal             : exinfo->fileoffset         = 41632
[LOG] SystemI::createSoundInternal             : exinfo->numsubsounds       = 1
[LOG] SystemI::createSoundInternal             : exinfo->inclusionlist      = 000000007EFFFB38
[LOG] SystemI::createSoundInternal             : exinfo->inclusionlistnum   = 1
[LOG] SystemI::createSoundInternal             : exinfo->suggestedsoundtype = 5
[LOG] SystemI::createSoundInternal             : exinfo->useropen           = 00007FFC26403FD0
[LOG] SystemI::createSoundInternal             : exinfo->userclose          = 00007FFC26403FA0
[LOG] SystemI::createSoundInternal             : exinfo->userread           = 00007FFC264040C0
[LOG] SystemI::createSoundInternal             : exinfo->userseek           = 00007FFC26404170
[LOG] SystemI::createSoundInternal             : exinfo->fileuserdata       = 000000002F851488
[LOG] SystemI::createSoundInternal             : exinfo->initialseekpostype = 1
[LOG] SystemI::createSoundInternal             : Format has 1 subsounds.
[LOG] SystemI::createSoundInternal             : Create as FMOD_CREATESAMPLE
[LOG] SystemI::createSoundInternal             : Multi-sample sound (1 subsounds), create a sample container.
[LOG] SystemI::createSoundInternal             : creating subsound 0/1
[LOG] SystemI::createSample                    : mode 02000202 length 31486 samples, lengthbytes 4416
[LOG] SystemI::createSample                    : channels = 1
[LOG] SystemI::createSample                    : output = 000000000D0D1D88
[LOG] OutputSoftware::createSample             : lengthpcm 31486, lengthbytes 4416, channels 1, format 2, freq 48000, mode 0200020a
[LOG] SystemI::createSoundInternal             : No name found in file, use filename.
[LOG] SystemI::createSoundInternal             : done.  OpenState now = FMOD_OPENSTATE_READY.

[LOG] SystemI::createSoundInternal             : filename =  : mode 02000202
[LOG] SystemI::createSoundInternal             : exinfo->cbsize             = 232
[LOG] SystemI::createSoundInternal             : exinfo->length             = 7455040
[LOG] SystemI::createSoundInternal             : exinfo->fileoffset         = 41632
[LOG] SystemI::createSoundInternal             : exinfo->numsubsounds       = 1
[LOG] SystemI::createSoundInternal             : exinfo->inclusionlist      = 000000007EFFFB38
[LOG] SystemI::createSoundInternal             : exinfo->inclusionlistnum   = 1
[LOG] SystemI::createSoundInternal             : exinfo->suggestedsoundtype = 5
[LOG] SystemI::createSoundInternal             : exinfo->useropen           = 00007FFC26403FD0
[LOG] SystemI::createSoundInternal             : exinfo->userclose          = 00007FFC26403FA0
[LOG] SystemI::createSoundInternal             : exinfo->userread           = 00007FFC264040C0
[LOG] SystemI::createSoundInternal             : exinfo->userseek           = 00007FFC26404170
[LOG] SystemI::createSoundInternal             : exinfo->fileuserdata       = 000000002F851488
[LOG] SystemI::createSoundInternal             : exinfo->initialseekpostype = 1
[LOG] SystemI::createSoundInternal             : Format has 1 subsounds.
[LOG] SystemI::createSoundInternal             : Create as FMOD_CREATESAMPLE
[LOG] SystemI::createSoundInternal             : Multi-sample sound (1 subsounds), create a sample container.
[LOG] SystemI::createSoundInternal             : creating subsound 0/1
[LOG] SystemI::createSample                    : mode 02000202 length 36501 samples, lengthbytes 6208
[LOG] SystemI::createSample                    : channels = 1
[LOG] SystemI::createSample                    : output = 000000000D0D1D88
[LOG] OutputSoftware::createSample             : lengthpcm 36501, lengthbytes 6208, channels 1, format 2, freq 48000, mode 0200020a
[LOG] SystemI::createSoundInternal             : No name found in file, use filename.
[LOG] SystemI::createSoundInternal             : done.  OpenState now = FMOD_OPENSTATE_READY.

[LOG] SystemI::createSoundInternal             : filename =  : mode 02000202
[LOG] SystemI::createSoundInternal             : exinfo->cbsize             = 232
[LOG] SystemI::createSoundInternal             : exinfo->length             = 7455040
[LOG] SystemI::createSoundInternal             : exinfo->fileoffset         = 41632
[LOG] SystemI::createSoundInternal             : exinfo->numsubsounds       = 1
[LOG] SystemI::createSoundInternal             : exinfo->inclusionlist      = 000000007EFFFB38
[LOG] SystemI::createSoundInternal             : exinfo->inclusionlistnum   = 1
[LOG] SystemI::createSoundInternal             : exinfo->suggestedsoundtype = 5
[LOG] SystemI::createSoundInternal             : exinfo->useropen           = 00007FFC26403FD0
[LOG] SystemI::createSoundInternal             : exinfo->userclose          = 00007FFC26403FA0
[LOG] SystemI::createSoundInternal             : exinfo->userread           = 00007FFC264040C0
[LOG] SystemI::createSoundInternal             : exinfo->userseek           = 00007FFC26404170
[LOG] SystemI::createSoundInternal             : exinfo->fileuserdata       = 000000002F851488
[LOG] SystemI::createSoundInternal             : exinfo->initialseekpostype = 1
[LOG] SystemI::createSoundInternal             : Format has 1 subsounds.
[LOG] SystemI::createSoundInternal             : Create as FMOD_CREATESAMPLE
[LOG] SystemI::createSoundInternal             : Multi-sample sound (1 subsounds), create a sample container.
[LOG] SystemI::createSoundInternal             : creating subsound 0/1
[LOG] SystemI::createSample                    : mode 02000202 length 28699 samples, lengthbytes 5184
[LOG] SystemI::createSample                    : channels = 1
[LOG] SystemI::createSample                    : output = 000000000D0D1D88
[LOG] OutputSoftware::createSample             : lengthpcm 28699, lengthbytes 5184, channels 1, format 2, freq 48000, mode 0200020a
[LOG] SystemI::createSoundInternal             : No name found in file, use filename.
[LOG] SystemI::createSoundInternal             : done.  OpenState now = FMOD_OPENSTATE_READY.

[LOG] SystemI::createSoundInternal             : filename =  : mode 02000202
[LOG] SystemI::createSoundInternal             : exinfo->cbsize             = 232
[LOG] SystemI::createSoundInternal             : exinfo->length             = 7455040
[LOG] SystemI::createSoundInternal             : exinfo->fileoffset         = 41632
[LOG] SystemI::createSoundInternal             : exinfo->numsubsounds       = 1
[LOG] SystemI::createSoundInternal             : exinfo->inclusionlist      = 000000007EFFFB38
[LOG] SystemI::createSoundInternal             : exinfo->inclusionlistnum   = 1
[LOG] SystemI::createSoundInternal             : exinfo->suggestedsoundtype = 5
[LOG] SystemI::createSoundInternal             : exinfo->useropen           = 00007FFC26403FD0
[LOG] SystemI::createSoundInternal             : exinfo->userclose          = 00007FFC26403FA0
[LOG] SystemI::createSoundInternal             : exinfo->userread           = 00007FFC264040C0
[LOG] SystemI::createSoundInternal             : exinfo->userseek           = 00007FFC26404170
[LOG] SystemI::createSoundInternal             : exinfo->fileuserdata       = 000000002F851488
[LOG] SystemI::createSoundInternal             : exinfo->initialseekpostype = 1
[LOG] SystemI::createSoundInternal             : Format has 1 subsounds.
[LOG] SystemI::createSoundInternal             : Create as FMOD_CREATESAMPLE
[LOG] SystemI::createSoundInternal             : Multi-sample sound (1 subsounds), create a sample container.
[LOG] SystemI::createSoundInternal             : creating subsound 0/1
[LOG] SystemI::createSample                    : mode 02000202 length 33994 samples, lengthbytes 5792
[LOG] SystemI::createSample                    : channels = 1
[LOG] SystemI::createSample                    : output = 000000000D0D1D88
[LOG] OutputSoftware::createSample             : lengthpcm 33994, lengthbytes 5792, channels 1, format 2, freq 48000, mode 0200020a
[LOG] SystemI::createSoundInternal             : No name found in file, use filename.
[LOG] SystemI::createSoundInternal             : done.  OpenState now = FMOD_OPENSTATE_READY.

[LOG] SystemI::createSoundInternal             : filename =  : mode 02000202
[LOG] SystemI::createSoundInternal             : exinfo->cbsize             = 232
[LOG] SystemI::createSoundInternal             : exinfo->length             = 7455040
[LOG] SystemI::createSoundInternal             : exinfo->fileoffset         = 41632
[LOG] SystemI::createSoundInternal             : exinfo->numsubsounds       = 1
[LOG] SystemI::createSoundInternal             : exinfo->inclusionlist      = 000000007EFFFB38
[LOG] SystemI::createSoundInternal             : exinfo->inclusionlistnum   = 1
[LOG] SystemI::createSoundInternal             : exinfo->suggestedsoundtype = 5
[LOG] SystemI::createSoundInternal             : exinfo->useropen           = 00007FFC26403FD0
[LOG] SystemI::createSoundInternal             : exinfo->userclose          = 00007FFC26403FA0
[LOG] SystemI::createSoundInternal             : exinfo->userread           = 00007FFC264040C0
[LOG] SystemI::createSoundInternal             : exinfo->userseek           = 00007FFC26404170
[LOG] SystemI::createSoundInternal             : exinfo->fileuserdata       = 000000002F852588
[LOG] SystemI::createSoundInternal             : exinfo->initialseekpostype = 1
[LOG] SystemI::createSoundInternal             : Format has 1 subsounds.
[LOG] SystemI::createSoundInternal             : Create as FMOD_CREATESAMPLE
[LOG] SystemI::createSoundInternal             : Multi-sample sound (1 subsounds), create a sample container.
[LOG] SystemI::createSoundInternal             : creating subsound 0/1
[LOG] SystemI::createSample                    : mode 02000202 length 360000 samples, lengthbytes 34048
[LOG] SystemI::createSample                    : channels = 2
[LOG] SystemI::createSample                    : output = 000000000D0D1D88
[LOG] OutputSoftware::createSample             : lengthpcm 360000, lengthbytes 34048, channels 2, format 2, freq 48000, mode 0200020a
[LOG] SystemI::createSoundInternal             : No name found in file, use filename.
[LOG] SystemI::createSoundInternal             : done.  OpenState now = FMOD_OPENSTATE_READY.

[LOG] SystemI::createSoundInternal             : filename =  : mode 02000202
[LOG] SystemI::createSoundInternal             : exinfo->cbsize             = 232
[LOG] SystemI::createSoundInternal             : exinfo->length             = 7455040
[LOG] SystemI::createSoundInternal             : exinfo->fileoffset         = 41632
[LOG] SystemI::createSoundInternal             : exinfo->numsubsounds       = 1
[LOG] SystemI::createSoundInternal             : exinfo->inclusionlist      = 000000007EFFFB38
[LOG] SystemI::createSoundInternal             : exinfo->inclusionlistnum   = 1
[LOG] SystemI::createSoundInternal             : exinfo->suggestedsoundtype = 5
[LOG] SystemI::createSoundInternal             : exinfo->useropen           = 00007FFC26403FD0
[LOG] SystemI::createSoundInternal             : exinfo->userclose          = 00007FFC26403FA0
[LOG] SystemI::createSoundInternal             : exinfo->userread           = 00007FFC264040C0
[LOG] SystemI::createSoundInternal             : exinfo->userseek           = 00007FFC26404170
[LOG] SystemI::createSoundInternal             : exinfo->fileuserdata       = 000000002F852588
[LOG] SystemI::createSoundInternal             : exinfo->initialseekpostype = 1
[LOG] SystemI::createSoundInternal             : Format has 1 subsounds.
[LOG] SystemI::createSoundInternal             : Create as FMOD_CREATESAMPLE
[LOG] SystemI::createSoundInternal             : Multi-sample sound (1 subsounds), create a sample container.
[LOG] SystemI::createSoundInternal             : creating subsound 0/1
[LOG] SystemI::createSample                    : mode 02000202 length 360000 samples, lengthbytes 41536
[LOG] SystemI::createSample                    : channels = 2
[LOG] SystemI::createSample                    : output = 000000000D0D1D88
[LOG] OutputSoftware::createSample             : lengthpcm 360000, lengthbytes 41536, channels 2, format 2, freq 48000, mode 0200020a
[LOG] SystemI::createSoundInternal             : No name found in file, use filename.
[LOG] SystemI::createSoundInternal             : done.  OpenState now = FMOD_OPENSTATE_READY.

[LOG] SystemI::createSoundInternal             : filename =  : mode 02000202
[LOG] SystemI::createSoundInternal             : exinfo->cbsize             = 232
[LOG] SystemI::createSoundInternal             : exinfo->length             = 7455040
[LOG] SystemI::createSoundInternal             : exinfo->fileoffset         = 41632
[LOG] SystemI::createSoundInternal             : exinfo->numsubsounds       = 1
[LOG] SystemI::createSoundInternal             : exinfo->inclusionlist      = 000000007EFFFB38
[LOG] SystemI::createSoundInternal             : exinfo->inclusionlistnum   = 1
[LOG] SystemI::createSoundInternal             : exinfo->suggestedsoundtype = 5
[LOG] SystemI::createSoundInternal             : exinfo->useropen           = 00007FFC26403FD0
[LOG] SystemI::createSoundInternal             : exinfo->userclose          = 00007FFC26403FA0
[LOG] SystemI::createSoundInternal             : exinfo->userread           = 00007FFC264040C0
[LOG] SystemI::createSoundInternal             : exinfo->userseek           = 00007FFC26404170
[LOG] SystemI::createSoundInternal             : exinfo->fileuserdata       = 000000002F852588
[LOG] SystemI::createSoundInternal             : exinfo->initialseekpostype = 1
[LOG] SystemI::createSoundInternal             : Format has 1 subsounds.
[LOG] SystemI::createSoundInternal             : Create as FMOD_CREATESAMPLE
[LOG] SystemI::createSoundInternal             : Multi-sample sound (1 subsounds), create a sample container.
[LOG] SystemI::createSoundInternal             : creating subsound 0/1
[LOG] SystemI::createSample                    : mode 02000202 length 360000 samples, lengthbytes 12352
[LOG] SystemI::createSample                    : channels = 2
[LOG] SystemI::createSample                    : output = 000000000D0D1D88
[LOG] OutputSoftware::createSample             : lengthpcm 360000, lengthbytes 12352, channels 2, format 2, freq 48000, mode 0200020a
[LOG] SystemI::createSoundInternal             : No name found in file, use filename.
[LOG] SystemI::createSoundInternal             : done.  OpenState now = FMOD_OPENSTATE_READY.

[LOG] SystemI::createSoundInternal             : filename =  : mode 02000202
[LOG] SystemI::createSoundInternal             : exinfo->cbsize             = 232
[LOG] SystemI::createSoundInternal             : exinfo->length             = 7455040
[LOG] SystemI::createSoundInternal             : exinfo->fileoffset         = 41632
[LOG] SystemI::createSoundInternal             : exinfo->numsubsounds       = 1
[LOG] SystemI::createSoundInternal             : exinfo->inclusionlist      = 000000007EFFFB38
[LOG] SystemI::createSoundInternal             : exinfo->inclusionlistnum   = 1
[LOG] SystemI::createSoundInternal             : exinfo->suggestedsoundtype = 5
[LOG] SystemI::createSoundInternal             : exinfo->useropen           = 00007FFC26403FD0
[LOG] SystemI::createSoundInternal             : exinfo->userclose          = 00007FFC26403FA0
[LOG] SystemI::createSoundInternal             : exinfo->userread           = 00007FFC264040C0
[LOG] SystemI::createSoundInternal             : exinfo->userseek           = 00007FFC26404170
[LOG] SystemI::createSoundInternal             : exinfo->fileuserdata       = 000000002F852588
[LOG] SystemI::createSoundInternal             : exinfo->initialseekpostype = 1
[LOG] SystemI::createSoundInternal             : Format has 1 subsounds.
[LOG] SystemI::createSoundInternal             : Create as FMOD_CREATESAMPLE
[LOG] SystemI::createSoundInternal             : Multi-sample sound (1 subsounds), create a sample container.
[LOG] SystemI::createSoundInternal             : creating subsound 0/1
[LOG] SystemI::createSample                    : mode 02000202 length 360000 samples, lengthbytes 1088
[LOG] SystemI::createSample                    : channels = 2
[LOG] SystemI::createSample                    : output = 000000000D0D1D88
[LOG] OutputSoftware::createSample             : lengthpcm 360000, lengthbytes 1088, channels 2, format 2, freq 48000, mode 0200020a
[LOG] SystemI::createSoundInternal             : No name found in file, use filename.
[LOG] SystemI::createSoundInternal             : done.  OpenState now = FMOD_OPENSTATE_READY.

[LOG] SystemI::createSoundInternal             : filename =  : mode 02000202
[LOG] SystemI::createSoundInternal             : exinfo->cbsize             = 232
[LOG] SystemI::createSoundInternal             : exinfo->length             = 7455040
[LOG] SystemI::createSoundInternal             : exinfo->fileoffset         = 41632
[LOG] SystemI::createSoundInternal             : exinfo->numsubsounds       = 1
[LOG] SystemI::createSoundInternal             : exinfo->inclusionlist      = 000000007EFFFB38
[LOG] SystemI::createSoundInternal             : exinfo->inclusionlistnum   = 1
[LOG] SystemI::createSoundInternal             : exinfo->suggestedsoundtype = 5
[LOG] SystemI::createSoundInternal             : exinfo->useropen           = 00007FFC26403FD0
[LOG] SystemI::createSoundInternal             : exinfo->userclose          = 00007FFC26403FA0
[LOG] SystemI::createSoundInternal             : exinfo->userread           = 00007FFC264040C0
[LOG] SystemI::createSoundInternal             : exinfo->userseek           = 00007FFC26404170
[LOG] SystemI::createSoundInternal             : exinfo->fileuserdata       = 000000002F852588
[LOG] SystemI::createSoundInternal             : exinfo->initialseekpostype = 1
[LOG] SystemI::createSoundInternal             : Format has 1 subsounds.
[LOG] SystemI::createSoundInternal             : Create as FMOD_CREATESAMPLE
[LOG] SystemI::createSoundInternal             : Multi-sample sound (1 subsounds), create a sample container.
[LOG] SystemI::createSoundInternal             : creating subsound 0/1
[LOG] SystemI::createSample                    : mode 02000202 length 288000 samples, lengthbytes 35520
[LOG] SystemI::createSample                    : channels = 2
[LOG] SystemI::createSample                    : output = 000000000D0D1D88
[LOG] OutputSoftware::createSample             : lengthpcm 288000, lengthbytes 35520, channels 2, format 2, freq 48000, mode 0200020a
[LOG] SystemI::createSoundInternal             : No name found in file, use filename.
[LOG] SystemI::createSoundInternal             : done.  OpenState now = FMOD_OPENSTATE_READY.

[LOG] SystemI::createSoundInternal             : filename =  : mode 02000202
[LOG] SystemI::createSoundInternal             : exinfo->cbsize             = 232
[LOG] SystemI::createSoundInternal             : exinfo->length             = 7455040
[LOG] SystemI::createSoundInternal             : exinfo->fileoffset         = 41632
[LOG] SystemI::createSoundInternal             : exinfo->numsubsounds       = 1
[LOG] SystemI::createSoundInternal             : exinfo->inclusionlist      = 000000007EFFFB38
[LOG] SystemI::createSoundInternal             : exinfo->inclusionlistnum   = 1
[LOG] SystemI::createSoundInternal             : exinfo->suggestedsoundtype = 5
[LOG] SystemI::createSoundInternal             : exinfo->useropen           = 00007FFC26403FD0
[LOG] SystemI::createSoundInternal             : exinfo->userclose          = 00007FFC26403FA0
[LOG] SystemI::createSoundInternal             : exinfo->userread           = 00007FFC264040C0
[LOG] SystemI::createSoundInternal             : exinfo->userseek           = 00007FFC26404170
[LOG] SystemI::createSoundInternal             : exinfo->fileuserdata       = 000000002F852588
[LOG] SystemI::createSoundInternal             : exinfo->initialseekpostype = 1
[LOG] SystemI::createSoundInternal             : Format has 1 subsounds.
[LOG] SystemI::createSoundInternal             : Create as FMOD_CREATESAMPLE
[LOG] SystemI::createSoundInternal             : Multi-sample sound (1 subsounds), create a sample container.
[LOG] SystemI::createSoundInternal             : creating subsound 0/1
[LOG] SystemI::createSample                    : mode 02000202 length 360000 samples, lengthbytes 8320
[LOG] SystemI::createSample                    : channels = 2
[LOG] SystemI::createSample                    : output = 000000000D0D1D88
[LOG] OutputSoftware::createSample             : lengthpcm 360000, lengthbytes 8320, channels 2, format 2, freq 48000, mode 0200020a
[LOG] SystemI::createSoundInternal             : No name found in file, use filename.
[LOG] SystemI::createSoundInternal             : done.  OpenState now = FMOD_OPENSTATE_READY.

[LOG] SystemI::createSoundInternal             : filename =  : mode 02000202
[LOG] SystemI::createSoundInternal             : exinfo->cbsize             = 232
[LOG] SystemI::createSoundInternal             : exinfo->length             = 7455040
[LOG] SystemI::createSoundInternal             : exinfo->fileoffset         = 41632
[LOG] SystemI::createSoundInternal             : exinfo->numsubsounds       = 1
[LOG] SystemI::createSoundInternal             : exinfo->inclusionlist      = 000000007EFFFB38
[LOG] SystemI::createSoundInternal             : exinfo->inclusionlistnum   = 1
[LOG] SystemI::createSoundInternal             : exinfo->suggestedsoundtype = 5
[LOG] SystemI::createSoundInternal             : exinfo->useropen           = 00007FFC26403FD0
[LOG] SystemI::createSoundInternal             : exinfo->userclose          = 00007FFC26403FA0
[LOG] SystemI::createSoundInternal             : exinfo->userread           = 00007FFC264040C0
[LOG] SystemI::createSoundInternal             : exinfo->userseek           = 00007FFC26404170
[LOG] SystemI::createSoundInternal             : exinfo->fileuserdata       = 000000002F852588
[LOG] SystemI::createSoundInternal             : exinfo->initialseekpostype = 1
[LOG] SystemI::createSoundInternal             : Format has 1 subsounds.
[LOG] SystemI::createSoundInternal             : Create as FMOD_CREATESAMPLE
[LOG] SystemI::createSoundInternal             : Multi-sample sound (1 subsounds), create a sample container.
[LOG] SystemI::createSoundInternal             : creating subsound 0/1
[LOG] SystemI::createSample                    : mode 02000202 length 360000 samples, lengthbytes 58624
[LOG] SystemI::createSample                    : channels = 2
[LOG] SystemI::createSample                    : output = 000000000D0D1D88
[LOG] OutputSoftware::createSample             : lengthpcm 360000, lengthbytes 58624, channels 2, format 2, freq 48000, mode 0200020a
[LOG] SystemI::createSoundInternal             : No name found in file, use filename.
[LOG] SystemI::createSoundInternal             : done.  OpenState now = FMOD_OPENSTATE_READY.

[LOG] SystemI::createSoundInternal             : filename =  : mode 02000202
[LOG] SystemI::createSoundInternal             : exinfo->cbsize             = 232
[LOG] SystemI::createSoundInternal             : exinfo->length             = 7455040
[LOG] SystemI::createSoundInternal             : exinfo->fileoffset         = 41632
[LOG] SystemI::createSoundInternal             : exinfo->numsubsounds       = 1
[LOG] SystemI::createSoundInternal             : exinfo->inclusionlist      = 000000007EFFFB38
[LOG] SystemI::createSoundInternal             : exinfo->inclusionlistnum   = 1
[LOG] SystemI::createSoundInternal             : exinfo->suggestedsoundtype = 5
[LOG] SystemI::createSoundInternal             : exinfo->useropen           = 00007FFC26403FD0
[LOG] SystemI::createSoundInternal             : exinfo->userclose          = 00007FFC26403FA0
[LOG] SystemI::createSoundInternal             : exinfo->userread           = 00007FFC264040C0
[LOG] SystemI::createSoundInternal             : exinfo->userseek           = 00007FFC26404170
[LOG] SystemI::createSoundInternal             : exinfo->fileuserdata       = 000000002F852588
[LOG] SystemI::createSoundInternal             : exinfo->initialseekpostype = 1
[LOG] SystemI::createSoundInternal             : Format has 1 subsounds.
[LOG] SystemI::createSoundInternal             : Create as FMOD_CREATESAMPLE
[LOG] SystemI::createSoundInternal             : Multi-sample sound (1 subsounds), create a sample container.
[LOG] SystemI::createSoundInternal             : creating subsound 0/1
[LOG] SystemI::createSample                    : mode 02000202 length 288000 samples, lengthbytes 864
[LOG] SystemI::createSample                    : channels = 2
[LOG] SystemI::createSample                    : output = 000000000D0D1D88
[LOG] OutputSoftware::createSample             : lengthpcm 288000, lengthbytes 864, channels 2, format 2, freq 48000, mode 0200020a
[LOG] SystemI::createSoundInternal             : No name found in file, use filename.
[LOG] SystemI::createSoundInternal             : done.  OpenState now = FMOD_OPENSTATE_READY.

[LOG] SystemI::createSoundInternal             : filename =  : mode 02000202
[LOG] SystemI::createSoundInternal             : exinfo->cbsize             = 232
[LOG] SystemI::createSoundInternal             : exinfo->length             = 7455040
[LOG] SystemI::createSoundInternal             : exinfo->fileoffset         = 41632
[LOG] SystemI::createSoundInternal             : exinfo->numsubsounds       = 1
[LOG] SystemI::createSoundInternal             : exinfo->inclusionlist      = 000000007EFFFB38
[LOG] SystemI::createSoundInternal             : exinfo->inclusionlistnum   = 1
[LOG] SystemI::createSoundInternal             : exinfo->suggestedsoundtype = 5
[LOG] SystemI::createSoundInternal             : exinfo->useropen           = 00007FFC26403FD0
[LOG] SystemI::createSoundInternal             : exinfo->userclose          = 00007FFC26403FA0
[LOG] SystemI::createSoundInternal             : exinfo->userread           = 00007FFC264040C0
[LOG] SystemI::createSoundInternal             : exinfo->userseek           = 00007FFC26404170
[LOG] SystemI::createSoundInternal             : exinfo->fileuserdata       = 000000002F852588
[LOG] SystemI::createSoundInternal             : exinfo->initialseekpostype = 1
[LOG] SystemI::createSoundInternal             : Format has 1 subsounds.
[LOG] SystemI::createSoundInternal             : Create as FMOD_CREATESAMPLE
[LOG] SystemI::createSoundInternal             : Multi-sample sound (1 subsounds), create a sample container.
[LOG] SystemI::createSoundInternal             : creating subsound 0/1
[LOG] SystemI::createSample                    : mode 02000202 length 360000 samples, lengthbytes 37536
[LOG] SystemI::createSample                    : channels = 2
[LOG] SystemI::createSample                    : output = 000000000D0D1D88
[LOG] OutputSoftware::createSample             : lengthpcm 360000, lengthbytes 37536, channels 2, format 2, freq 48000, mode 0200020a
[LOG] SystemI::createSoundInternal             : No name found in file, use filename.
[LOG] SystemI::createSoundInternal             : done.  OpenState now = FMOD_OPENSTATE_READY.

[LOG] SystemI::createSoundInternal             : filename =  : mode 02000202
[LOG] SystemI::createSoundInternal             : exinfo->cbsize             = 232
[LOG] SystemI::createSoundInternal             : exinfo->length             = 7455040
[LOG] SystemI::createSoundInternal             : exinfo->fileoffset         = 41632
[LOG] SystemI::createSoundInternal             : exinfo->numsubsounds       = 1
[LOG] SystemI::createSoundInternal             : exinfo->inclusionlist      = 000000007EFFFB38
[LOG] SystemI::createSoundInternal             : exinfo->inclusionlistnum   = 1
[LOG] SystemI::createSoundInternal             : exinfo->suggestedsoundtype = 5
[LOG] SystemI::createSoundInternal             : exinfo->useropen           = 00007FFC26403FD0
[LOG] SystemI::createSoundInternal             : exinfo->userclose          = 00007FFC26403FA0
[LOG] SystemI::createSoundInternal             : exinfo->userread           = 00007FFC264040C0
[LOG] SystemI::createSoundInternal             : exinfo->userseek           = 00007FFC26404170
[LOG] SystemI::createSoundInternal             : exinfo->fileuserdata       = 000000002F852588
[LOG] SystemI::createSoundInternal             : exinfo->initialseekpostype = 1
[LOG] SystemI::createSoundInternal             : Format has 1 subsounds.
[LOG] SystemI::createSoundInternal             : Create as FMOD_CREATESAMPLE
[LOG] SystemI::createSoundInternal             : Multi-sample sound (1 subsounds), create a sample container.
[LOG] SystemI::createSoundInternal             : creating subsound 0/1
[LOG] SystemI::createSample                    : mode 02000202 length 360000 samples, lengthbytes 1088
[LOG] SystemI::createSample                    : channels = 2
[LOG] SystemI::createSample                    : output = 000000000D0D1D88
[LOG] OutputSoftware::createSample             : lengthpcm 360000, lengthbytes 1088, channels 2, format 2, freq 48000, mode 0200020a
[LOG] SystemI::createSoundInternal             : No name found in file, use filename.
[LOG] SystemI::createSoundInternal             : done.  OpenState now = FMOD_OPENSTATE_READY.

[LOG] SystemI::createSoundInternal             : filename =  : mode 02000202
[LOG] SystemI::createSoundInternal             : exinfo->cbsize             = 232
[LOG] SystemI::createSoundInternal             : exinfo->length             = 7455040
[LOG] SystemI::createSoundInternal             : exinfo->fileoffset         = 41632
[LOG] SystemI::createSoundInternal             : exinfo->numsubsounds       = 1
[LOG] SystemI::createSoundInternal             : exinfo->inclusionlist      = 000000007EFFFB38
[LOG] SystemI::createSoundInternal             : exinfo->inclusionlistnum   = 1
[LOG] SystemI::createSoundInternal             : exinfo->suggestedsoundtype = 5
[LOG] SystemI::createSoundInternal             : exinfo->useropen           = 00007FFC26403FD0
[LOG] SystemI::createSoundInternal             : exinfo->userclose          = 00007FFC26403FA0
[LOG] SystemI::createSoundInternal             : exinfo->userread           = 00007FFC264040C0
[LOG] SystemI::createSoundInternal             : exinfo->userseek           = 00007FFC26404170
[LOG] SystemI::createSoundInternal             : exinfo->fileuserdata       = 000000002F852588
[LOG] SystemI::createSoundInternal             : exinfo->initialseekpostype = 1
[LOG] SystemI::createSoundInternal             : Format has 1 subsounds.
[LOG] SystemI::createSoundInternal             : Create as FMOD_CREATESAMPLE
[LOG] SystemI::createSoundInternal             : Multi-sample sound (1 subsounds), create a sample container.
[LOG] SystemI::createSoundInternal             : creating subsound 0/1
[LOG] SystemI::createSample                    : mode 02000202 length 288000 samples, lengthbytes 78240
[LOG] SystemI::createSample                    : channels = 2
[LOG] SystemI::createSample                    : output = 000000000D0D1D88
[LOG] OutputSoftware::createSample             : lengthpcm 288000, lengthbytes 78240, channels 2, format 2, freq 48000, mode 0200020a
[LOG] SystemI::createSoundInternal             : No name found in file, use filename.
[LOG] SystemI::createSoundInternal             : done.  OpenState now = FMOD_OPENSTATE_READY.

[LOG] SystemI::createSoundInternal             : filename =  : mode 02000202
[LOG] SystemI::createSoundInternal             : exinfo->cbsize             = 232
[LOG] SystemI::createSoundInternal             : exinfo->length             = 7455040
[LOG] SystemI::createSoundInternal             : exinfo->fileoffset         = 41632
[LOG] SystemI::createSoundInternal             : exinfo->numsubsounds       = 1
[LOG] SystemI::createSoundInternal             : exinfo->inclusionlist      = 000000007EFFFB38
[LOG] SystemI::createSoundInternal             : exinfo->inclusionlistnum   = 1
[LOG] SystemI::createSoundInternal             : exinfo->suggestedsoundtype = 5
[LOG] SystemI::createSoundInternal             : exinfo->useropen           = 00007FFC26403FD0
[LOG] SystemI::createSoundInternal             : exinfo->userclose          = 00007FFC26403FA0
[LOG] SystemI::createSoundInternal             : exinfo->userread           = 00007FFC264040C0
[LOG] SystemI::createSoundInternal             : exinfo->userseek           = 00007FFC26404170
[LOG] SystemI::createSoundInternal             : exinfo->fileuserdata       = 000000002F852588
[LOG] SystemI::createSoundInternal             : exinfo->initialseekpostype = 1
[LOG] SystemI::createSoundInternal             : Format has 1 subsounds.
[LOG] SystemI::createSoundInternal             : Create as FMOD_CREATESAMPLE
[LOG] SystemI::createSoundInternal             : Multi-sample sound (1 subsounds), create a sample container.
[LOG] SystemI::createSoundInternal             : creating subsound 0/1
[LOG] SystemI::createSample                    : mode 02000202 length 288000 samples, lengthbytes 864
[LOG] SystemI::createSample                    : channels = 2
[LOG] SystemI::createSample                    : output = 000000000D0D1D88
[LOG] OutputSoftware::createSample             : lengthpcm 288000, lengthbytes 864, channels 2, format 2, freq 48000, mode 0200020a
[LOG] SystemI::createSoundInternal             : No name found in file, use filename.
[LOG] SystemI::createSoundInternal             : done.  OpenState now = FMOD_OPENSTATE_READY.

[LOG] SystemI::createSound                     : filename = Assets\FMOD_Bank\Desktop/Master Bank.bank : mode 02010082
[LOG] SystemI::createSound                     : FMOD_NONBLOCKING specified.  Putting into queue to be opened asynchronously!
[LOG] SystemI::createSound                     : setdata soundi = 000000002523DFD8 : node = 0000000029B35B00
[LOG] SystemI::createSound                     : add node to async list : head = 0000000029B2D030.  list count = 0
[LOG] AsyncThread::threadFunc                  : Starting Asynchronous operation on sound 000000002523DFD8
[LOG] SystemI::createSoundInternal             :     filename = Assets\FMOD_Bank\Desktop/Master Bank.bank : mode 02010082
[LOG] SystemI::createSound                     :     filename = Assets\FMOD_Bank\Desktop/Master Bank.bank : mode 02010082
[LOG] SystemI::createSoundInternal             :     exinfo->cbsize             = 232
[LOG] SystemI::createSound                     :     FMOD_NONBLOCKING specified.  Putting into queue to be opened asynchronously!
[LOG] SystemI::createSoundInternal             :     exinfo->length             = 7455040
[LOG] SystemI::createSound                     :     setdata soundi = 000000002523CC58 : node = 0000000029B37150
[LOG] SystemI::createSoundInternal             :     exinfo->fileoffset         = 41632
[LOG] SystemI::createSound                     :     add node to async list : head = 0000000029B2D030.  list count = 0
[LOG] SystemI::createSoundInternal             :     exinfo->numsubsounds       = 1
[LOG] SystemI::createSoundInternal             :     exinfo->inclusionlist      = 0000000029B35C18
[LOG] SystemI::createSoundInternal             :     exinfo->inclusionlistnum   = 1
[LOG] SystemI::createSound                     :     filename = Assets\FMOD_Bank\Desktop/Master Bank.bank : mode 02010082
[LOG] SystemI::createSoundInternal             :     exinfo->suggestedsoundtype = 5
[LOG] SystemI::createSound                     :     FMOD_NONBLOCKING specified.  Putting into queue to be opened asynchronously!
[LOG] SystemI::createSoundInternal             :     exinfo->initialseekpostype = 1
[LOG] SystemI::createSound                     :     setdata soundi = 000000002523D2D8 : node = 0000000029B377E0
[LOG] SystemI::createSound                     :     add node to async list : head = 0000000029B2D030.  list count = 1
[LOG] SystemI::createSound                     :     filename = Assets\FMOD_Bank\Desktop/Master Bank.bank : mode 02010082
[LOG] SystemI::createSound                     :     FMOD_NONBLOCKING specified.  Putting into queue to be opened asynchronously!
[LOG] SystemI::createSound                     :     setdata soundi = 000000002523D478 : node = 0000000029B36D60
[LOG] SystemI::createSound                     :     add node to async list : head = 0000000029B2D030.  list count = 2
[LOG] SystemI::createSoundInternal             :     Format has 1 subsounds.
[LOG] SystemI::createSoundInternal             :     Create as FMOD_CREATESTREAM
[LOG] System::createSoundInternal              :     decode buffersize = 19200 : blocksize = 256 : format = 2
[LOG] SystemI::createSample                    :     mode 02010082 length 19200 samples, lengthbytes 1632832
[LOG] SystemI::createSample                    :     channels = 2
[LOG] SystemI::createSample                    :     output = 000000000D0D1D88
[LOG] OutputSoftware::createSample             :     lengthpcm 19200, lengthbytes 1632832, channels 2, format 2, freq 48000, mode 0201008a
[LOG] System::createSoundInternal              :     1 subsounds detected.
[LOG] System::createSoundInternal              :     Seek stream to start
[LOG] System::createSoundInternal              :     flush stream buffer
[LOG] System::createSoundInternal              :     flush successful.
[LOG] System::createSoundInternal              :     switch file handle from small blocking single buffered to large nonblocking doublebuffered.
[LOG] SystemI::createSoundInternal             :     done.  OpenState now = FMOD_OPENSTATE_READY.

[LOG] AsyncThread::threadFunc                  : Finished Asynchronous operation on sound 000000002523DFD8
[LOG] AsyncThread::threadFunc                  : Starting Asynchronous operation on sound 000000002523CC58
[LOG] SystemI::createSoundInternal             :     filename = Assets\FMOD_Bank\Desktop/Master Bank.bank : mode 02010082
[LOG] SystemI::createSoundInternal             :     exinfo->cbsize             = 232
[LOG] SystemI::createSoundInternal             :     exinfo->length             = 7455040
[LOG] SystemI::createSoundInternal             :     exinfo->fileoffset         = 41632
[LOG] SystemI::createSoundInternal             :     exinfo->numsubsounds       = 1
[LOG] SystemI::createSoundInternal             :     exinfo->inclusionlist      = 0000000029B37268
[LOG] SystemI::createSoundInternal             :     exinfo->inclusionlistnum   = 1
[LOG] SystemI::createSoundInternal             :     exinfo->suggestedsoundtype = 5
[LOG] SystemI::createSoundInternal             :     exinfo->initialseekpostype = 1
[LOG] SystemI::createSoundInternal             :     Format has 1 subsounds.
[LOG] SystemI::createSoundInternal             :     Create as FMOD_CREATESTREAM
[LOG] System::createSoundInternal              :     decode buffersize = 19200 : blocksize = 256 : format = 2
[LOG] SystemI::createSample                    :     mode 02010082 length 19200 samples, lengthbytes 1391808
[LOG] SystemI::createSample                    :     channels = 2
[LOG] SystemI::createSample                    :     output = 000000000D0D1D88
[LOG] OutputSoftware::createSample             :     lengthpcm 19200, lengthbytes 1391808, channels 2, format 2, freq 48000, mode 0201008a
[LOG] System::createSoundInternal              :     1 subsounds detected.
[LOG] System::createSoundInternal              :     Seek stream to start
[LOG] System::createSoundInternal              :     flush stream buffer
[LOG] System::createSoundInternal              :     flush successful.
[LOG] System::createSoundInternal              :     switch file handle from small blocking single buffered to large nonblocking doublebuffered.
[LOG] SystemI::createSoundInternal             :     done.  OpenState now = FMOD_OPENSTATE_READY.

[LOG] AsyncThread::threadFunc                  : Finished Asynchronous operation on sound 000000002523CC58
[LOG] AsyncThread::threadFunc                  : Starting Asynchronous operation on sound 000000002523D2D8
[LOG] SystemI::createSoundInternal             :     filename = Assets\FMOD_Bank\Desktop/Master Bank.bank : mode 02010082
[LOG] SystemI::createSoundInternal             :     exinfo->cbsize             = 232
[LOG] SystemI::createSoundInternal             :     exinfo->length             = 7455040
[LOG] SystemI::createSoundInternal             :     exinfo->fileoffset         = 41632
[LOG] SystemI::createSoundInternal             :     exinfo->numsubsounds       = 1
[LOG] SystemI::createSoundInternal             :     exinfo->inclusionlist      = 0000000029B378F8
[LOG] SystemI::createSoundInternal             :     exinfo->inclusionlistnum   = 1
[LOG] SystemI::createSoundInternal             :     exinfo->suggestedsoundtype = 5
[LOG] SystemI::createSoundInternal             :     exinfo->initialseekpostype = 1
[LOG] SystemI::createSoundInternal             :     Format has 1 subsounds.
[LOG] SystemI::createSoundInternal             :     Create as FMOD_CREATESTREAM
[LOG] System::createSoundInternal              :     decode buffersize = 19200 : blocksize = 256 : format = 2
[LOG] SystemI::createSample                    :     mode 02010082 length 19200 samples, lengthbytes 1458464
[LOG] SystemI::createSample                    :     channels = 2
[LOG] SystemI::createSample                    :     output = 000000000D0D1D88
[LOG] OutputSoftware::createSample             :     lengthpcm 19200, lengthbytes 1458464, channels 2, format 2, freq 48000, mode 0201008a
[LOG] System::createSoundInternal              :     1 subsounds detected.
[LOG] System::createSoundInternal              :     Seek stream to start
[LOG] System::createSoundInternal              :     flush stream buffer
[LOG] System::createSoundInternal              :     flush successful.
[LOG] System::createSoundInternal              :     switch file handle from small blocking single buffered to large nonblocking doublebuffered.
[LOG] SystemI::createSoundInternal             :     done.  OpenState now = FMOD_OPENSTATE_READY.

[LOG] AsyncThread::threadFunc                  : Finished Asynchronous operation on sound 000000002523D2D8
[LOG] AsyncThread::threadFunc                  : Starting Asynchronous operation on sound 000000002523D478
[LOG] SystemI::createSoundInternal             :     filename = Assets\FMOD_Bank\Desktop/Master Bank.bank : mode 02010082
[LOG] SystemI::createSoundInternal             :     exinfo->cbsize             = 232
[LOG] SystemI::createSoundInternal             :     exinfo->length             = 7455040
[LOG] SystemI::createSoundInternal             :     exinfo->fileoffset         = 41632
[LOG] SystemI::createSoundInternal             :     exinfo->numsubsounds       = 1
[LOG] SystemI::createSoundInternal             :     exinfo->inclusionlist      = 0000000029B36E78
[LOG] SystemI::createSoundInternal             :     exinfo->inclusionlistnum   = 1
[LOG] SystemI::createSoundInternal             :     exinfo->suggestedsoundtype = 5
[LOG] SystemI::createSoundInternal             :     exinfo->initialseekpostype = 1
[LOG] SystemI::createSoundInternal             :     Format has 1 subsounds.
[LOG] SystemI::createSoundInternal             :     Create as FMOD_CREATESTREAM
[LOG] System::createSoundInternal              :     decode buffersize = 19200 : blocksize = 256 : format = 2
[LOG] SystemI::createSample                    :     mode 02010082 length 19200 samples, lengthbytes 1418080
[LOG] SystemI::createSample                    :     channels = 2
[LOG] SystemI::createSample                    :     output = 000000000D0D1D88
[LOG] OutputSoftware::createSample             :     lengthpcm 19200, lengthbytes 1418080, channels 2, format 2, freq 48000, mode 0201008a
[LOG] System::createSoundInternal              :     1 subsounds detected.
[LOG] System::createSoundInternal              :     Seek stream to start
[LOG] System::createSoundInternal              :     flush stream buffer
[LOG] System::createSoundInternal              :     flush successful.
[LOG] System::createSoundInternal              :     switch file handle from small blocking single buffered to large nonblocking doublebuffered.
[LOG] SystemI::createSoundInternal             :     done.  OpenState now = FMOD_OPENSTATE_READY.

[LOG] AsyncThread::threadFunc                  : Finished Asynchronous operation on sound 000000002523D478
[LOG] SoundI::getSubSound                      : sound 000000002523DFD8.  Subsound index 0 / 1
[LOG] SoundI::getSubSound                      : sound 000000002523CC58.  Subsound index 0 / 1
[LOG] SoundI::getSubSound                      : sound 000000002523D2D8.  Subsound index 0 / 1
[LOG] SoundI::getSubSound                      : sound 000000002523D478.  Subsound index 0 / 1
[LOG] SoundI::release                          :  (00000000292D74A8)
[LOG] SoundI::release                          : release subsounds. (00000000292D74A8)
[LOG] SoundI::release                          :     TF_SFX_Gun_Energy_Laser_1 (00000000296DC008)
[LOG] SoundI::release                          : release codec. (00000000292D74A8)
[LOG] SoundI::release                          :  (00000000292D6928)
[LOG] SoundI::release                          : release subsounds. (00000000292D6928)
[LOG] SoundI::release                          :     TF_SFX_Gun_Energy_Laser_2 (00000000296DD5E8)
[LOG] SoundI::release                          : release codec. (00000000292D6928)
[LOG] SoundI::release                          :  (00000000292D6648)
[LOG] SoundI::release                          : release subsounds. (00000000292D6648)
[LOG] SoundI::release                          :     TF_SFX_Gun_Energy_Laser_3 (00000000296DD458)
[LOG] SoundI::release                          : release codec. (00000000292D6648)
[LOG] SoundI::release                          :  (00000000292D7A68)
[LOG] SoundI::release                          : release subsounds. (00000000292D7A68)
[LOG] SoundI::release                          :     TF_SFX_Gun_Energy_Laser_4 (00000000296DAA28)
[LOG] SoundI::release                          : release codec. (00000000292D7A68)
[LOG] SoundI::release                          :  (00000000292D78F8)
[LOG] SoundI::release                          : release subsounds. (00000000292D78F8)
[LOG] SoundI::release                          :     TF_SFX_Gun_Slinky_Laser_1 (000000002FAF9758)
[LOG] SoundI::release                          : release codec. (00000000292D78F8)
[LOG] SoundI::release                          :  (00000000292D7618)
[LOG] SoundI::release                          : release subsounds. (00000000292D7618)
[LOG] SoundI::release                          :     TF_SFX_Gun_Slinky_Laser_2 (00000000296DA258)
[LOG] SoundI::release                          : release codec. (00000000292D7618)
[LOG] SoundI::release                          :  (00000000292D6D78)
[LOG] SoundI::release                          : release subsounds. (00000000292D6D78)
[LOG] SoundI::release                          :     TF_SFX_Gun_Slinky_Laser_3 (00000000296DA578)
[LOG] SoundI::release                          : release codec. (00000000292D6D78)
[LOG] SoundI::release                          :  (00000000292D6C08)
[LOG] SoundI::release                          : release subsounds. (00000000292D6C08)
[LOG] SoundI::release                          :     TF_SFX_Gun_Slinky_Laser_4 (000000002FAF79A8)
[LOG] SoundI::release                          : release codec. (00000000292D6C08)
[LOG] SoundI::release                          :  (00000000292D7D48)
[LOG] SoundI::release                          : release subsounds. (00000000292D7D48)
[LOG] SoundI::release                          :     TF_SFX_Gun_Slinky_Laser_5 (000000002FAFAA18)
[LOG] SoundI::release                          : release codec. (00000000292D7D48)
[LOG] SoundI::release                          :  (00000000292D6EE8)
[LOG] SoundI::release                          : release subsounds. (00000000292D6EE8)
[LOG] SoundI::release                          :     TF_SFX_Gun_Slinky_Laser_6 (000000002FAF8F88)
[LOG] SoundI::release                          : release codec. (00000000292D6EE8)
[LOG] SoundI::release                          :  (00000000292D7EB8)
[LOG] SoundI::release                          : release subsounds. (00000000292D7EB8)
[LOG] SoundI::release                          :     TF_SFX_Gun_Mechanism_1 (000000002FAF7B38)
[LOG] SoundI::release                          : release codec. (00000000292D7EB8)
[LOG] SoundI::release                          :  (00000000292D67B8)
[LOG] SoundI::release                          : release subsounds. (00000000292D67B8)
[LOG] SoundI::release                          :     TF_SFX_Gun_Mechanism_2 (000000002FAF7048)
[LOG] SoundI::release                          : release codec. (00000000292D67B8)
[LOG] SoundI::release                          :  (00000000292D64D8)
[LOG] SoundI::release                          : release subsounds. (00000000292D64D8)
[LOG] SoundI::release                          :     TF_SFX_Gun_Mechanism_3 (00000000296DD2C8)
[LOG] SoundI::release                          : release codec. (00000000292D64D8)
[LOG] SoundI::release                          :  (00000000292D6088)
[LOG] SoundI::release                          : release subsounds. (00000000292D6088)
[LOG] SoundI::release                          :     TF_SFX_Gun_Clink_1 (00000000296DB6A8)
[LOG] SoundI::release                          : release codec. (00000000292D6088)
[LOG] SoundI::release                          :  (00000000292D7BD8)
[LOG] SoundI::release                          : release subsounds. (00000000292D7BD8)
[LOG] SoundI::release                          :     TF_SFX_Gun_Clink_2 (00000000296DA0C8)
[LOG] SoundI::release                          : release codec. (00000000292D7BD8)
[LOG] SoundI::release                          :  (00000000292D7338)
[LOG] SoundI::release                          : release subsounds. (00000000292D7338)
[LOG] SoundI::release                          :     TF_SFX_Gun_Clink_3 (00000000296DCE18)
[LOG] SoundI::release                          : release codec. (00000000292D7338)
[LOG] SoundI::release                          :  (00000000292D7788)
[LOG] SoundI::release                          : release subsounds. (00000000292D7788)
[LOG] SoundI::release                          :     TF_SFX_Gun_Clink_4 (00000000296DA3E8)
[LOG] SoundI::release                          : release codec. (00000000292D7788)
[LOG] SoundI::release                          :  (00000000138051A8)
[LOG] SoundI::release                          : release subsounds. (00000000138051A8)
[LOG] SoundI::release                          :     TF_SFX_Gun_Roller_Loop_3 (00000000296DBCE8)
[LOG] SoundI::release                          : release codec. (00000000138051A8)
[LOG] SoundI::release                          :  (0000000013806008)
[LOG] SoundI::release                          : release subsounds. (0000000013806008)
[LOG] SoundI::release                          :     TF_SFX_Gun_Roller_Loop_2 (00000000296DB9C8)
[LOG] SoundI::release                          : release codec. (0000000013806008)
[LOG] SoundI::release                          :  (00000000431A8D58)
[LOG] SoundI::release                          : release subsounds. (00000000431A8D58)
[LOG] SoundI::release                          :     Space_MUS_Battle_Woodwinds_Intro (000000002FC79A38)
[LOG] SoundI::release                          : release codec. (00000000431A8D58)
[LOG] SoundI::release                          :  (000000002F27AFA8)
[LOG] SoundI::release                          : release subsounds. (000000002F27AFA8)
[LOG] SoundI::release                          :     Space_MUS_Battle_Brass_Tail (000000002FAF8178)
[LOG] SoundI::release                          : release codec. (000000002F27AFA8)
[LOG] SoundI::release                          :  (00000000431A7098)
[LOG] SoundI::release                          : release subsounds. (00000000431A7098)
[LOG] SoundI::release                          :     Space_MUS_Battle_Brass_Intro (000000002FC7D408)
[LOG] SoundI::release                          : release codec. (00000000431A7098)
[LOG] SoundI::release                          :  (00000000431A84B8)
[LOG] SoundI::release                          : release subsounds. (00000000431A84B8)
[LOG] SoundI::release                          :     Space_MUS_Battle_Percussion_Intro (000000002FAF9118)
[LOG] SoundI::release                          : release codec. (00000000431A84B8)
[LOG] SoundI::release                          : Space_MUS_Battle_Brass_Loop (000000002523D478)
[LOG] SoundI::release                          : remove stream samples. (000000002523D478)
[LOG] SoundI::release                          :     Space_MUS_Battle_Brass_Loop (00000000296DBB58)
[LOG] SoundI::release                          : release subsounds. (000000002523D478)
[LOG] SoundI::release                          :     Space_MUS_Battle_Brass_Loop (00000000293ED418)
[LOG] SoundI::release                          : release codec. (000000002523D478)
[LOG] SoundI::release                          : Space_MUS_Battle_Percussion_Loop (000000002523D2D8)
[LOG] SoundI::release                          : remove stream samples. (000000002523D2D8)
[LOG] SoundI::release                          :     Space_MUS_Battle_Percussion_Loop (00000000296DABB8)
[LOG] SoundI::release                          : release subsounds. (000000002523D2D8)
[LOG] SoundI::release                          :     Space_MUS_Battle_Percussion_Loop (00000000293ECF38)
[LOG] SoundI::release                          : release codec. (000000002523D2D8)
[LOG] SoundI::release                          : Space_MUS_Battle_Woodwinds_Loop (000000002523CC58)
[LOG] SoundI::release                          : remove stream samples. (000000002523CC58)
[LOG] SoundI::release                          :     Space_MUS_Battle_Woodwinds_Loop (00000000296DCFA8)
[LOG] SoundI::release                          : release subsounds. (000000002523CC58)
[LOG] SoundI::release                          :     Space_MUS_Battle_Woodwinds_Loop (00000000293ED0D8)
[LOG] SoundI::release                          : release codec. (000000002523CC58)
[LOG] SoundI::release                          : Space_MUS_Battle_Strings_Loop (000000002523DFD8)
[LOG] SoundI::release                          : remove stream samples. (000000002523DFD8)
[LOG] SoundI::release                          :     Space_MUS_Battle_Strings_Loop (00000000296DB068)
[LOG] SoundI::release                          : release subsounds. (000000002523DFD8)
[LOG] SoundI::release                          :     Space_MUS_Battle_Strings_Loop (00000000293EC098)
[LOG] SoundI::release                          : release codec. (000000002523DFD8)
[LOG] SoundI::release                          : ambiance_ship_loops_10 (000000002523D618)
[LOG] SoundI::release                          : remove stream samples. (000000002523D618)
[LOG] SoundI::release                          :     ambiance_ship_loops_10 (00000000296DB518)
[LOG] SoundI::release                          : release subsounds. (000000002523D618)
[LOG] SoundI::release                          :     ambiance_ship_loops_10 (000000002523E318)
[LOG] SoundI::release                          : release codec. (000000002523D618)
[LOG] SoundI::release                          :  (00000000431A81D8)
[LOG] SoundI::release                          : release subsounds. (00000000431A81D8)
[LOG] SoundI::release                          :     Space_MUS_Battle_Strings_Tail (000000002FC7B338)
[LOG] SoundI::release                          : release codec. (00000000431A81D8)
[LOG] SoundI::release                          :  (00000000292D7058)
[LOG] SoundI::release                          : release subsounds. (00000000292D7058)
[LOG] SoundI::release                          :     Space_MUS_Battle_Percussion_Tail (000000002FAFA568)
[LOG] SoundI::release                          : release codec. (00000000292D7058)
[LOG] SoundI::release                          :  (00000000431A7AA8)
[LOG] SoundI::release                          : release subsounds. (00000000431A7AA8)
[LOG] SoundI::release                          :     Space_MUS_Battle_Woodwinds_Tail (000000002FC7B658)
[LOG] SoundI::release                          : release codec. (00000000431A7AA8)
[LOG] SoundI::release                          :  (00000000431A8A78)
[LOG] SoundI::release                          : release subsounds. (00000000431A8A78)
[LOG] SoundI::release                          :     Space_MUS_Battle_Strings_Intro (000000002FC7BC98)
[LOG] SoundI::release                          : release codec. (00000000431A8A78)
[LOG] SoundI::release                          :  (000000002F27B288)
[LOG] SoundI::release                          : release subsounds. (000000002F27B288)
[LOG] SoundI::release                          :     Space_MUS_Battle_Woodwinds_IntroTail (000000002FAF8308)
[LOG] SoundI::release                          : release codec. (000000002F27B288)
[LOG] SoundI::release                          :  (000000002F27ACC8)
[LOG] SoundI::release                          : release subsounds. (000000002F27ACC8)
[LOG] SoundI::release                          :     Space_MUS_Battle_Percussion_IntroTail (000000002FAF7FE8)
[LOG] SoundI::release                          : release codec. (000000002F27ACC8)
[LOG] SoundI::release                          :  (00000000431A8628)
[LOG] SoundI::release                          : release subsounds. (00000000431A8628)
[LOG] SoundI::release                          :     Space_MUS_Battle_Strings_IntroTail (000000002FC7A398)
[LOG] SoundI::release                          : release codec. (00000000431A8628)
[LOG] SoundI::release                          :  (00000000431A8BE8)
[LOG] SoundI::release                          : release subsounds. (00000000431A8BE8)
[LOG] SoundI::release                          :     Space_MUS_Battle_Brass_IntroTail (000000002FC7A9D8)
[LOG] SoundI::release                          : release codec. (00000000431A8BE8)
[LOG] Thread::callback                         : * FMOD Studio update thread finished
[LOG] Thread::close                            : FMOD Studio update thread thread destroyed
[LOG] Thread::callback                         : * FMOD Studio bank load thread finished
[LOG] Thread::close                            : FMOD Studio bank load thread thread destroyed
[LOG] Profile::disconnectAll                   : Profiler disconnecting all clients
[LOG] Thread::callback                         : * FMOD Studio sample load thread finished
[LOG] Thread::close                            : FMOD Studio sample load thread thread destroyed
[LOG] LiveUpdate::release                      : 
[LOG] LiveUpdate::reset                        : Reset connection (reason Disconnected)
[LOG] SystemI::close                           : 
[LOG] SystemI::close                           : Stop all sounds
[LOG] Thread::callback                         : * FMOD stream thread finished
[LOG] Thread::close                            : FMOD stream thread thread destroyed
[LOG] SystemI::close                           : Stream thread destroyed
[LOG] Thread::callback                         : * FMOD mixer thread finished
[LOG] Thread::close                            : FMOD mixer thread thread destroyed
[LOG] SystemI::close                           : Free master channel group.
[LOG] SystemI::close                           : Remove 'master' sound group.
[LOG] SystemI::close                           : Free software output.
[LOG] SystemI::close                           : Free emulated output.
[LOG] SystemI::close                           : Free channel pool.
[LOG] Thread::callback                         : * FMOD nonblocking thread (0) finished
[LOG] Thread::close                            : FMOD nonblocking thread (0) thread destroyed
[LOG] Thread::callback                         : * FMOD file thread finished
[LOG] Thread::close                            : FMOD file thread thread destroyed
[LOG] SystemI::close                           : done.

